<?xml version="1.0" encoding="UTF-8"?>
<!-- Generated by org.testng.reporters.JUnitXMLReporter -->
<testsuite hostname="Ashwani_Singh" failures="4" tests="10" name="Login" time="151.856" errors="0" timestamp="9 Sep 2022 06:50:46 GMT">
  <testcase classname="com.Ashwani.TestCases.TestCase1" name="CheckCartAfterOrder" time="13.549"/>
  <testcase classname="com.Ashwani.TestCases.TestCase1" name="CheckCartAfterOrder" time="12.209"/>
  <testcase classname="com.Ashwani.TestCases.TestCase1" name="validateLoginWithCorrectCred" time="11.677"/>
  <testcase classname="com.Ashwani.TestCases.TestCase1" name="validateLoginWithCorrectCred" time="11.213"/>
  <testcase classname="com.Ashwani.TestCases.TestCase1" name="validateLoginWithValidCred" time="0.852"/>
  <testcase classname="com.Ashwani.TestCases.TestCase1" name="validateLoginWithValidCred" time="0.881"/>
  <testcase classname="com.Ashwani.TestCases.TestCase1" name="validateLoginWithWrongCred" time="2.345">
    <failure type="java.lang.AssertionError" message="expected [Login Successfully] but found [ Incorrect email or password. ]">
      <![CDATA[java.lang.AssertionError: expected [Login Successfully] but found [ Incorrect email or password. ]
	at com.Ashwani.WebPagesPackage.LoginWebPage.inValidLogin(LoginWebPage.java:67)
	at com.Ashwani.TestCases.TestCase1.validateLoginWithWrongCred(TestCase1.java:84)
	at java.base/java.util.concurrent.FutureTask.run(FutureTask.java:264)
	at java.base/java.util.concurrent.ThreadPoolExecutor.runWorker(ThreadPoolExecutor.java:1136)
	at java.base/java.util.concurrent.ThreadPoolExecutor$Worker.run(ThreadPoolExecutor.java:635)
	at java.base/java.lang.Thread.run(Thread.java:833)
... Removed 21 stack frames]]>
    </failure>
  </testcase> <!-- validateLoginWithWrongCred -->
  <testcase classname="com.Ashwani.TestCases.TestCase1" name="validateLoginWithWrongCred" time="2.347">
    <failure type="java.lang.AssertionError" message="expected [Login Successfully] but found [ Incorrect email or password. ]">
      <![CDATA[java.lang.AssertionError: expected [Login Successfully] but found [ Incorrect email or password. ]
	at com.Ashwani.WebPagesPackage.LoginWebPage.inValidLogin(LoginWebPage.java:67)
	at com.Ashwani.TestCases.TestCase1.validateLoginWithWrongCred(TestCase1.java:84)
	at java.base/java.util.concurrent.FutureTask.run(FutureTask.java:264)
	at java.base/java.util.concurrent.ThreadPoolExecutor.runWorker(ThreadPoolExecutor.java:1136)
	at java.base/java.util.concurrent.ThreadPoolExecutor$Worker.run(ThreadPoolExecutor.java:635)
	at java.base/java.lang.Thread.run(Thread.java:833)
... Removed 21 stack frames]]>
    </failure>
  </testcase> <!-- validateLoginWithWrongCred -->
  <testcase classname="com.Ashwani.TestCases.TestCase1" name="validateLoginWithWrongCred" time="1.72">
    <failure type="java.lang.AssertionError" message="expected [Login Successfully] but found [ Incorrect email or password. ]">
      <![CDATA[java.lang.AssertionError: expected [Login Successfully] but found [ Incorrect email or password. ]
	at com.Ashwani.WebPagesPackage.LoginWebPage.inValidLogin(LoginWebPage.java:67)
	at com.Ashwani.TestCases.TestCase1.validateLoginWithWrongCred(TestCase1.java:84)
	at java.base/java.util.concurrent.FutureTask.run(FutureTask.java:264)
	at java.base/java.util.concurrent.ThreadPoolExecutor.runWorker(ThreadPoolExecutor.java:1136)
	at java.base/java.util.concurrent.ThreadPoolExecutor$Worker.run(ThreadPoolExecutor.java:635)
	at java.base/java.lang.Thread.run(Thread.java:833)
... Removed 21 stack frames]]>
    </failure>
  </testcase> <!-- validateLoginWithWrongCred -->
  <testcase classname="com.Ashwani.TestCases.TestCase1" name="validateLoginWithWrongCred" time="1.495">
    <failure type="java.lang.AssertionError" message="expected [Login Successfully] but found [ Incorrect email or password. ]">
      <![CDATA[java.lang.AssertionError: expected [Login Successfully] but found [ Incorrect email or password. ]
	at com.Ashwani.WebPagesPackage.LoginWebPage.inValidLogin(LoginWebPage.java:67)
	at com.Ashwani.TestCases.TestCase1.validateLoginWithWrongCred(TestCase1.java:84)
	at java.base/java.util.concurrent.FutureTask.run(FutureTask.java:264)
	at java.base/java.util.concurrent.ThreadPoolExecutor.runWorker(ThreadPoolExecutor.java:1136)
	at java.base/java.util.concurrent.ThreadPoolExecutor$Worker.run(ThreadPoolExecutor.java:635)
	at java.base/java.lang.Thread.run(Thread.java:833)
... Removed 21 stack frames]]>
    </failure>
  </testcase> <!-- validateLoginWithWrongCred -->
</testsuite> <!-- Login -->
